<?xml version="1.0" encoding="UTF-8"?>
<!-- Generated by org.testng.reporters.JUnitReportReporter -->
<testsuite skipped="0" hostname="Ganesh-PC" name="DD_Test.TC_011" tests="1" failures="0" timestamp="03 Sep 2017 14:21:58 GMT" time="47.710" errors="0">
  <testcase name="user_Login_Gmail" time="47.710" classname="DD_Test.TC_011"/>
</testsuite> <!-- DD_Test.TC_011 -->
