<?xml version="1.0" encoding="UTF-8"?>
<!-- Generated by org.testng.reporters.JUnitReportReporter -->
<testsuite skipped="0" hostname="Ganesh-PC" name="DD_Test.TC_001" tests="1" failures="0" timestamp="31 Aug 2017 17:33:02 GMT" time="0.612" errors="0">
  <testcase name="google_Launch" time="0.612" classname="DD_Test.TC_001"/>
</testsuite> <!-- DD_Test.TC_001 -->
