<?xml version="1.0" encoding="UTF-8"?>
<!-- Generated by org.testng.reporters.JUnitReportReporter -->
<testsuite skipped="0" hostname="Ganesh-PC" name="DD_Test.TC_010" tests="1" failures="0" timestamp="31 Aug 2017 17:34:30 GMT" time="42.966" errors="0">
  <testcase name="emailCount" time="42.966" classname="DD_Test.TC_010"/>
</testsuite> <!-- DD_Test.TC_010 -->
