<?xml version="1.0" encoding="UTF-8"?>
<!-- Generated by org.testng.reporters.JUnitReportReporter -->
<testsuite skipped="0" hostname="Ganesh-PC" name="DD_Test.TC_013" tests="1" failures="0" timestamp="08 Sep 2017 05:46:20 GMT" time="17.746" errors="0">
  <testcase name="google_Language" time="17.746" classname="DD_Test.TC_013"/>
</testsuite> <!-- DD_Test.TC_013 -->
