<?xml version="1.0" encoding="UTF-8"?>
<!-- Generated by org.testng.reporters.JUnitReportReporter -->
<testsuite skipped="0" hostname="Ganesh-PC" name="DD_Test.TC_0100" tests="1" failures="0" timestamp="23 Aug 2017 11:15:38 GMT" time="25.231" errors="0">
  <testcase name="emailCount" time="25.231" classname="DD_Test.TC_0100"/>
</testsuite> <!-- DD_Test.TC_0100 -->
