<?xml version="1.0" encoding="UTF-8"?>
<!-- Generated by org.testng.reporters.JUnitReportReporter -->
<testsuite skipped="1" hostname="Ganesh-PC" name="DD_Test.TC_005" tests="1" failures="0" timestamp="18 May 2017 11:25:56 GMT" time="0.000" errors="0">
  <testcase name="google_Language" time="0.000" classname="DD_Test.TC_005">
    <skipped/>
  </testcase> <!-- google_Language -->
</testsuite> <!-- DD_Test.TC_005 -->
