<?xml version="1.0" encoding="UTF-8"?>
<!-- Generated by org.testng.reporters.JUnitReportReporter -->
<testsuite skipped="0" hostname="Ganesh-PC" name="DD_Test.Demo" tests="1" failures="0" timestamp="12 Sep 2017 16:08:26 GMT" time="11.200" errors="0">
  <testcase name="google_Language" time="11.200" classname="DD_Test.Demo"/>
</testsuite> <!-- DD_Test.Demo -->
