<?xml version="1.0" encoding="UTF-8"?>
<!-- Generated by org.testng.reporters.JUnitReportReporter -->
<testsuite skipped="0" hostname="Ganesh-PC" name="DD_Test.TC_014" tests="1" failures="0" timestamp="12 Sep 2017 12:18:44 GMT" time="22.873" errors="0">
  <testcase name="google_Language" time="22.873" classname="DD_Test.TC_014"/>
</testsuite> <!-- DD_Test.TC_014 -->
