<?xml version="1.0" encoding="UTF-8"?>
<!-- Generated by org.testng.reporters.JUnitReportReporter -->
<testsuite skipped="0" hostname="Ganesh-PC" name="DD_Test.TC_012" tests="1" failures="0" timestamp="04 Sep 2017 12:14:46 GMT" time="80.450" errors="0">
  <testcase name="user_Login_Gmail" time="80.450" classname="DD_Test.TC_012"/>
</testsuite> <!-- DD_Test.TC_012 -->
