<?xml version="1.0" encoding="UTF-8"?>
<!-- Generated by org.testng.reporters.JUnitReportReporter -->
<testsuite skipped="0" hostname="Ganesh-PC" name="DD_Test.TC_002" tests="1" failures="0" timestamp="23 Aug 2017 11:09:38 GMT" time="1.110" errors="0">
  <testcase name="google_Application" time="1.110" classname="DD_Test.TC_002"/>
</testsuite> <!-- DD_Test.TC_002 -->
